 (0,0): Unity incremental compiler server
 (0,0): watchdog active on pid: 11464
 (0,0): [10/27/2018 11:50:36.336 AM] Assembly-CSharp.dll: no prior compilation found in cache
 (0,0): [10/27/2018 11:50:36.362 AM] Assembly-CSharp.dll compiling...
 (0,0): [10/27/2018 11:50:38.062 AM] Assembly-CSharp.dll: emitting IL to : F:\UnityProjects\BulletHel\Temp\Assembly-CSharp.dll
 (0,0): [10/27/2018 11:50:38.156 AM] Assembly-CSharp.dll compilation finished in 1796ms  source files re-parsed: 11 metadata reloaded: 203
 (0,0): [10/27/2018 11:50:38.732 AM] Assembly-CSharp-Editor.dll: no prior compilation found in cache
 (0,0): [10/27/2018 11:50:38.752 AM] Assembly-CSharp-Editor.dll compiling...
 (0,0): [10/27/2018 11:50:38.846 AM] Assembly-CSharp-Editor.dll: emitting IL to : F:\UnityProjects\BulletHel\Temp\Assembly-CSharp-Editor.dll
 (0,0): [10/27/2018 11:50:38.886 AM] Assembly-CSharp-Editor.dll compilation finished in 134ms  source files re-parsed: 1 metadata reloaded: 19
 (0,0): [10/27/2018 11:51:17.464 AM] Assembly-CSharp.dll compiling...
 (0,0): [10/27/2018 11:51:17.514 AM] Assembly-CSharp.dll: emitting IL to : F:\UnityProjects\BulletHel\Temp\Assembly-CSharp.dll
 (0,0): [10/27/2018 11:51:17.554 AM] Assembly-CSharp.dll compilation finished in 86ms  source files re-parsed: 1 metadata reloaded: 0
 (0,0): [10/27/2018 11:51:17.571 AM] Assembly-CSharp.dll: compilation was cached, 1 file(s) were found to have changed.
 (0,0): [10/27/2018 11:51:18.016 AM] Assembly-CSharp-Editor.dll compiling...
 (0,0): [10/27/2018 11:51:18.050 AM] Assembly-CSharp-Editor.dll: emitting IL to : F:\UnityProjects\BulletHel\Temp\Assembly-CSharp-Editor.dll
 (0,0): [10/27/2018 11:51:18.094 AM] Assembly-CSharp-Editor.dll compilation finished in 78ms  source files re-parsed: 0 metadata reloaded: 1
 (0,0): [10/27/2018 11:51:18.120 AM] Assembly-CSharp-Editor.dll: compilation was cached, 0 file(s) were found to have changed.
 (0,0): [10/27/2018 11:53:20.005 AM] Compiler cache size is now 17.28 MB
 (0,0): [10/27/2018 11:53:53.334 AM] Assembly-CSharp.dll: no prior compilation found in cache
 (0,0): [10/27/2018 11:53:53.364 AM] Assembly-CSharp.dll compiling...
 (0,0): [10/27/2018 11:53:53.398 AM] Assembly-CSharp.dll: emitting IL to : F:\UnityProjects\BulletHel\Temp\Assembly-CSharp.dll
 (0,0): [10/27/2018 11:53:53.447 AM] Assembly-CSharp.dll compilation finished in 87ms  source files re-parsed: 12 metadata reloaded: 0
 (0,0): [10/27/2018 11:53:53.868 AM] Assembly-CSharp-Editor.dll compiling...
 (0,0): [10/27/2018 11:53:53.898 AM] Assembly-CSharp-Editor.dll: emitting IL to : F:\UnityProjects\BulletHel\Temp\Assembly-CSharp-Editor.dll
 (0,0): [10/27/2018 11:53:53.937 AM] Assembly-CSharp-Editor.dll compilation finished in 70ms  source files re-parsed: 0 metadata reloaded: 1
 (0,0): [10/27/2018 11:53:53.963 AM] Assembly-CSharp-Editor.dll: compilation was cached, 0 file(s) were found to have changed.
 (0,0): [10/27/2018 11:54:54.545 AM] Assembly-CSharp.dll compiling...
 (0,0): [10/27/2018 11:54:54.575 AM] Assembly-CSharp.dll: emitting IL to : F:\UnityProjects\BulletHel\Temp\Assembly-CSharp.dll
 (0,0): [10/27/2018 11:54:54.625 AM] Assembly-CSharp.dll compilation finished in 79ms  source files re-parsed: 1 metadata reloaded: 0
 (0,0): [10/27/2018 11:54:54.641 AM] Assembly-CSharp.dll: compilation was cached, 1 file(s) were found to have changed.
 (0,0): [10/27/2018 11:54:55.086 AM] Assembly-CSharp-Editor.dll compiling...
 (0,0): [10/27/2018 11:54:55.120 AM] Assembly-CSharp-Editor.dll: emitting IL to : F:\UnityProjects\BulletHel\Temp\Assembly-CSharp-Editor.dll
 (0,0): [10/27/2018 11:54:55.165 AM] Assembly-CSharp-Editor.dll compilation finished in 78ms  source files re-parsed: 0 metadata reloaded: 1
 (0,0): [10/27/2018 11:54:55.191 AM] Assembly-CSharp-Editor.dll: compilation was cached, 0 file(s) were found to have changed.
 (0,0): [10/27/2018 11:55:32.580 AM] Assembly-CSharp.dll compiling...
 (0,0): [10/27/2018 11:55:32.623 AM] Assembly-CSharp.dll: emitting IL to : F:\UnityProjects\BulletHel\Temp\Assembly-CSharp.dll
 (0,0): [10/27/2018 11:55:32.673 AM] Assembly-CSharp.dll compilation finished in 95ms  source files re-parsed: 1 metadata reloaded: 0
 (0,0): [10/27/2018 11:55:32.689 AM] Assembly-CSharp.dll: compilation was cached, 1 file(s) were found to have changed.
 (0,0): [10/27/2018 11:55:33.109 AM] Assembly-CSharp-Editor.dll compiling...
 (0,0): [10/27/2018 11:55:33.139 AM] Assembly-CSharp-Editor.dll: emitting IL to : F:\UnityProjects\BulletHel\Temp\Assembly-CSharp-Editor.dll
 (0,0): [10/27/2018 11:55:33.183 AM] Assembly-CSharp-Editor.dll compilation finished in 70ms  source files re-parsed: 0 metadata reloaded: 1
 (0,0): [10/27/2018 11:55:33.209 AM] Assembly-CSharp-Editor.dll: compilation was cached, 0 file(s) were found to have changed.
 (0,0): [10/27/2018 11:58:03.786 AM] Assembly-CSharp.dll compiling...
 (0,0): [10/27/2018 11:58:03.814 AM] Assembly-CSharp.dll: emitting IL to : F:\UnityProjects\BulletHel\Temp\Assembly-CSharp.dll
 (0,0): [10/27/2018 11:58:03.853 AM] Assembly-CSharp.dll compilation finished in 66ms  source files re-parsed: 1 metadata reloaded: 0
 (0,0): [10/27/2018 11:58:03.864 AM] Assembly-CSharp.dll: compilation was cached, 1 file(s) were found to have changed.
 (0,0): [10/27/2018 11:58:04.270 AM] Assembly-CSharp-Editor.dll compiling...
 (0,0): [10/27/2018 11:58:04.297 AM] Assembly-CSharp-Editor.dll: emitting IL to : F:\UnityProjects\BulletHel\Temp\Assembly-CSharp-Editor.dll
 (0,0): [10/27/2018 11:58:04.322 AM] Assembly-CSharp-Editor.dll compilation finished in 52ms  source files re-parsed: 0 metadata reloaded: 1
 (0,0): [10/27/2018 11:58:04.333 AM] Assembly-CSharp-Editor.dll: compilation was cached, 0 file(s) were found to have changed.
 (0,0): [10/27/2018 11:58:29.394 AM] Assembly-CSharp.dll compiling...
 (0,0): [10/27/2018 11:58:29.424 AM] Assembly-CSharp.dll: emitting IL to : F:\UnityProjects\BulletHel\Temp\Assembly-CSharp.dll
 (0,0): [10/27/2018 11:58:29.462 AM] Assembly-CSharp.dll compilation finished in 67ms  source files re-parsed: 1 metadata reloaded: 0
 (0,0): [10/27/2018 11:58:29.474 AM] Assembly-CSharp.dll: compilation was cached, 1 file(s) were found to have changed.
 (0,0): [10/27/2018 11:58:29.865 AM] Assembly-CSharp-Editor.dll compiling...
 (0,0): [10/27/2018 11:58:29.892 AM] Assembly-CSharp-Editor.dll: emitting IL to : F:\UnityProjects\BulletHel\Temp\Assembly-CSharp-Editor.dll
 (0,0): [10/27/2018 11:58:29.918 AM] Assembly-CSharp-Editor.dll compilation finished in 53ms  source files re-parsed: 0 metadata reloaded: 1
 (0,0): [10/27/2018 11:58:29.929 AM] Assembly-CSharp-Editor.dll: compilation was cached, 0 file(s) were found to have changed.
 (0,0): [10/27/2018 11:58:44.142 AM] Assembly-CSharp.dll compiling...
 (0,0): [10/27/2018 11:58:44.170 AM] Assembly-CSharp.dll: emitting IL to : F:\UnityProjects\BulletHel\Temp\Assembly-CSharp.dll
 (0,0): [10/27/2018 11:58:44.210 AM] Assembly-CSharp.dll compilation finished in 67ms  source files re-parsed: 1 metadata reloaded: 0
 (0,0): [10/27/2018 11:58:44.221 AM] Assembly-CSharp.dll: compilation was cached, 1 file(s) were found to have changed.
 (0,0): [10/27/2018 11:58:44.614 AM] Assembly-CSharp-Editor.dll compiling...
 (0,0): [10/27/2018 11:58:44.639 AM] Assembly-CSharp-Editor.dll: emitting IL to : F:\UnityProjects\BulletHel\Temp\Assembly-CSharp-Editor.dll
 (0,0): [10/27/2018 11:58:44.666 AM] Assembly-CSharp-Editor.dll compilation finished in 52ms  source files re-parsed: 0 metadata reloaded: 1
 (0,0): [10/27/2018 11:58:44.677 AM] Assembly-CSharp-Editor.dll: compilation was cached, 0 file(s) were found to have changed.
 (0,0): [10/27/2018 11:59:25.366 AM] Assembly-CSharp.dll compiling...
 (0,0): [10/27/2018 11:59:25.394 AM] Assembly-CSharp.dll: emitting IL to : F:\UnityProjects\BulletHel\Temp\Assembly-CSharp.dll
 (0,0): [10/27/2018 11:59:25.432 AM] Assembly-CSharp.dll compilation finished in 67ms  source files re-parsed: 1 metadata reloaded: 0
 (0,0): [10/27/2018 11:59:25.444 AM] Assembly-CSharp.dll: compilation was cached, 1 file(s) were found to have changed.
 (0,0): [10/27/2018 11:59:25.835 AM] Assembly-CSharp-Editor.dll compiling...
 (0,0): [10/27/2018 11:59:25.860 AM] Assembly-CSharp-Editor.dll: emitting IL to : F:\UnityProjects\BulletHel\Temp\Assembly-CSharp-Editor.dll
 (0,0): [10/27/2018 11:59:25.887 AM] Assembly-CSharp-Editor.dll compilation finished in 52ms  source files re-parsed: 0 metadata reloaded: 1
 (0,0): [10/27/2018 11:59:25.899 AM] Assembly-CSharp-Editor.dll: compilation was cached, 0 file(s) were found to have changed.
 (0,0): [10/27/2018 12:03:37.820 PM] Compiler cache size is now 17.28 MB
 (0,0): [10/27/2018 12:06:30.018 PM] Assembly-CSharp.dll compiling...
 (0,0): [10/27/2018 12:06:30.053 PM] Assembly-CSharp.dll: emitting IL to : F:\UnityProjects\BulletHel\Temp\Assembly-CSharp.dll
 (0,0): [10/27/2018 12:06:30.091 PM] Assembly-CSharp.dll compilation finished in 72ms  source files re-parsed: 1 metadata reloaded: 0
 (0,0): [10/27/2018 12:06:30.102 PM] Assembly-CSharp.dll: compilation was cached, 1 file(s) were found to have changed.
 (0,0): [10/27/2018 12:06:30.389 PM] Assembly-CSharp-Editor.dll compiling...
 (0,0): [10/27/2018 12:06:30.415 PM] Assembly-CSharp-Editor.dll: emitting IL to : F:\UnityProjects\BulletHel\Temp\Assembly-CSharp-Editor.dll
 (0,0): [10/27/2018 12:06:30.443 PM] Assembly-CSharp-Editor.dll compilation finished in 54ms  source files re-parsed: 0 metadata reloaded: 1
 (0,0): [10/27/2018 12:06:30.455 PM] Assembly-CSharp-Editor.dll: compilation was cached, 0 file(s) were found to have changed.
 (0,0): [10/27/2018 12:08:43.358 PM] Assembly-CSharp.dll compiling...
 (0,0): [10/27/2018 12:08:43.397 PM] Assembly-CSharp.dll: emitting IL to : F:\UnityProjects\BulletHel\Temp\Assembly-CSharp.dll
 (0,0): [10/27/2018 12:08:43.436 PM] Assembly-CSharp.dll compilation finished in 77ms  source files re-parsed: 1 metadata reloaded: 0
 (0,0): [10/27/2018 12:08:43.447 PM] Assembly-CSharp.dll: compilation was cached, 1 file(s) were found to have changed.
 (0,0): [10/27/2018 12:08:43.916 PM] Assembly-CSharp-Editor.dll compiling...
 (0,0): [10/27/2018 12:08:43.942 PM] Assembly-CSharp-Editor.dll: emitting IL to : F:\UnityProjects\BulletHel\Temp\Assembly-CSharp-Editor.dll
 (0,0): [10/27/2018 12:08:43.967 PM] Assembly-CSharp-Editor.dll compilation finished in 51ms  source files re-parsed: 0 metadata reloaded: 1
 (0,0): [10/27/2018 12:08:43.979 PM] Assembly-CSharp-Editor.dll: compilation was cached, 0 file(s) were found to have changed.
 (0,0): [10/27/2018 12:10:06.658 PM] Assembly-CSharp.dll compiling...
 (0,0): [10/27/2018 12:10:06.685 PM] Assembly-CSharp.dll: emitting IL to : F:\UnityProjects\BulletHel\Temp\Assembly-CSharp.dll
 (0,0): [10/27/2018 12:10:06.709 PM] Assembly-CSharp.dll compilation finished in 50ms  source files re-parsed: 1 metadata reloaded: 0
 (0,0): [10/27/2018 12:10:06.720 PM] Assembly-CSharp.dll: compilation was cached, 1 file(s) were found to have changed.
 (0,0): [10/27/2018 12:10:26.048 PM] Assembly-CSharp.dll compiling...
 (0,0): [10/27/2018 12:10:26.072 PM] Assembly-CSharp.dll: emitting IL to : F:\UnityProjects\BulletHel\Temp\Assembly-CSharp.dll
 (0,0): [10/27/2018 12:10:26.084 PM] Assembly-CSharp.dll compilation finished in 36ms  source files re-parsed: 1 metadata reloaded: 0
 (0,0): [10/27/2018 12:10:26.096 PM] Assembly-CSharp.dll: compilation was cached, 1 file(s) were found to have changed.
 (0,0): [10/27/2018 12:10:40.979 PM] Assembly-CSharp.dll compiling...
 (0,0): [10/27/2018 12:10:41.005 PM] Assembly-CSharp.dll: emitting IL to : F:\UnityProjects\BulletHel\Temp\Assembly-CSharp.dll
 (0,0): [10/27/2018 12:10:41.044 PM] Assembly-CSharp.dll compilation finished in 65ms  source files re-parsed: 1 metadata reloaded: 0
 (0,0): [10/27/2018 12:10:41.056 PM] Assembly-CSharp.dll: compilation was cached, 1 file(s) were found to have changed.
 (0,0): [10/27/2018 12:10:41.479 PM] Assembly-CSharp-Editor.dll compiling...
 (0,0): [10/27/2018 12:10:41.508 PM] Assembly-CSharp-Editor.dll: emitting IL to : F:\UnityProjects\BulletHel\Temp\Assembly-CSharp-Editor.dll
 (0,0): [10/27/2018 12:10:41.535 PM] Assembly-CSharp-Editor.dll compilation finished in 56ms  source files re-parsed: 0 metadata reloaded: 1
 (0,0): [10/27/2018 12:10:41.547 PM] Assembly-CSharp-Editor.dll: compilation was cached, 0 file(s) were found to have changed.
 (0,0): [10/27/2018 12:11:03.123 PM] Assembly-CSharp.dll compiling...
 (0,0): [10/27/2018 12:11:03.153 PM] Assembly-CSharp.dll: emitting IL to : F:\UnityProjects\BulletHel\Temp\Assembly-CSharp.dll
 (0,0): [10/27/2018 12:11:03.191 PM] Assembly-CSharp.dll compilation finished in 67ms  source files re-parsed: 1 metadata reloaded: 0
 (0,0): [10/27/2018 12:11:03.203 PM] Assembly-CSharp.dll: compilation was cached, 1 file(s) were found to have changed.
 (0,0): [10/27/2018 12:11:03.680 PM] Assembly-CSharp-Editor.dll compiling...
 (0,0): [10/27/2018 12:11:03.704 PM] Assembly-CSharp-Editor.dll: emitting IL to : F:\UnityProjects\BulletHel\Temp\Assembly-CSharp-Editor.dll
 (0,0): [10/27/2018 12:11:03.731 PM] Assembly-CSharp-Editor.dll compilation finished in 50ms  source files re-parsed: 0 metadata reloaded: 1
 (0,0): [10/27/2018 12:11:03.742 PM] Assembly-CSharp-Editor.dll: compilation was cached, 0 file(s) were found to have changed.
 (0,0): [10/27/2018 12:11:42.926 PM] Assembly-CSharp.dll compiling...
 (0,0): [10/27/2018 12:11:42.949 PM] Assembly-CSharp.dll: emitting IL to : F:\UnityProjects\BulletHel\Temp\Assembly-CSharp.dll
 (0,0): [10/27/2018 12:11:42.966 PM] Assembly-CSharp.dll compilation finished in 40ms  source files re-parsed: 1 metadata reloaded: 0
 (0,0): [10/27/2018 12:11:42.977 PM] Assembly-CSharp.dll: compilation was cached, 1 file(s) were found to have changed.
 (0,0): [10/27/2018 12:11:53.758 PM] Assembly-CSharp.dll compiling...
 (0,0): [10/27/2018 12:11:53.785 PM] Assembly-CSharp.dll: emitting IL to : F:\UnityProjects\BulletHel\Temp\Assembly-CSharp.dll
 (0,0): [10/27/2018 12:11:53.823 PM] Assembly-CSharp.dll compilation finished in 64ms  source files re-parsed: 1 metadata reloaded: 0
 (0,0): [10/27/2018 12:11:53.834 PM] Assembly-CSharp.dll: compilation was cached, 1 file(s) were found to have changed.
 (0,0): [10/27/2018 12:11:54.265 PM] Assembly-CSharp-Editor.dll compiling...
 (0,0): [10/27/2018 12:11:54.290 PM] Assembly-CSharp-Editor.dll: emitting IL to : F:\UnityProjects\BulletHel\Temp\Assembly-CSharp-Editor.dll
 (0,0): [10/27/2018 12:11:54.315 PM] Assembly-CSharp-Editor.dll compilation finished in 49ms  source files re-parsed: 0 metadata reloaded: 1
 (0,0): [10/27/2018 12:11:54.326 PM] Assembly-CSharp-Editor.dll: compilation was cached, 0 file(s) were found to have changed.
 (0,0): [10/27/2018 12:13:12.712 PM] Assembly-CSharp.dll compiling...
 (0,0): [10/27/2018 12:13:12.747 PM] Assembly-CSharp.dll: emitting IL to : F:\UnityProjects\BulletHel\Temp\Assembly-CSharp.dll
 (0,0): [10/27/2018 12:13:12.791 PM] Assembly-CSharp.dll compilation finished in 78ms  source files re-parsed: 1 metadata reloaded: 0
 (0,0): [10/27/2018 12:13:12.803 PM] Assembly-CSharp.dll: compilation was cached, 1 file(s) were found to have changed.
 (0,0): [10/27/2018 12:13:13.266 PM] Assembly-CSharp-Editor.dll compiling...
 (0,0): [10/27/2018 12:13:13.292 PM] Assembly-CSharp-Editor.dll: emitting IL to : F:\UnityProjects\BulletHel\Temp\Assembly-CSharp-Editor.dll
 (0,0): [10/27/2018 12:13:13.319 PM] Assembly-CSharp-Editor.dll compilation finished in 53ms  source files re-parsed: 0 metadata reloaded: 1
 (0,0): [10/27/2018 12:13:13.331 PM] Assembly-CSharp-Editor.dll: compilation was cached, 0 file(s) were found to have changed.
 (0,0): [10/27/2018 12:14:25.464 PM] Assembly-CSharp.dll compiling...
 (0,0): [10/27/2018 12:14:25.501 PM] Assembly-CSharp.dll: emitting IL to : F:\UnityProjects\BulletHel\Temp\Assembly-CSharp.dll
 (0,0): [10/27/2018 12:14:25.556 PM] Assembly-CSharp.dll compilation finished in 92ms  source files re-parsed: 3 metadata reloaded: 0
 (0,0): [10/27/2018 12:14:25.568 PM] Assembly-CSharp.dll: compilation was cached, 3 file(s) were found to have changed.
 (0,0): [10/27/2018 12:14:26.109 PM] Assembly-CSharp-Editor.dll compiling...
 (0,0): [10/27/2018 12:14:26.134 PM] Assembly-CSharp-Editor.dll: emitting IL to : F:\UnityProjects\BulletHel\Temp\Assembly-CSharp-Editor.dll
 (0,0): [10/27/2018 12:14:26.160 PM] Assembly-CSharp-Editor.dll compilation finished in 51ms  source files re-parsed: 0 metadata reloaded: 1
 (0,0): [10/27/2018 12:14:26.171 PM] Assembly-CSharp-Editor.dll: compilation was cached, 0 file(s) were found to have changed.
 (0,0): [10/27/2018 12:16:20.410 PM] Assembly-CSharp.dll compiling...
 (0,0): [10/27/2018 12:16:20.439 PM] Assembly-CSharp.dll: emitting IL to : F:\UnityProjects\BulletHel\Temp\Assembly-CSharp.dll
 (0,0): [10/27/2018 12:16:20.478 PM] Assembly-CSharp.dll compilation finished in 67ms  source files re-parsed: 1 metadata reloaded: 0
 (0,0): [10/27/2018 12:16:20.489 PM] Assembly-CSharp.dll: compilation was cached, 1 file(s) were found to have changed.
 (0,0): [10/27/2018 12:16:20.960 PM] Assembly-CSharp-Editor.dll compiling...
 (0,0): [10/27/2018 12:16:20.985 PM] Assembly-CSharp-Editor.dll: emitting IL to : F:\UnityProjects\BulletHel\Temp\Assembly-CSharp-Editor.dll
 (0,0): [10/27/2018 12:16:21.012 PM] Assembly-CSharp-Editor.dll compilation finished in 51ms  source files re-parsed: 0 metadata reloaded: 1
 (0,0): [10/27/2018 12:16:21.024 PM] Assembly-CSharp-Editor.dll: compilation was cached, 0 file(s) were found to have changed.
 (0,0): [10/27/2018 12:18:03.224 PM] Assembly-CSharp.dll compiling...
 (0,0): [10/27/2018 12:18:03.258 PM] Assembly-CSharp.dll: emitting IL to : F:\UnityProjects\BulletHel\Temp\Assembly-CSharp.dll
 (0,0): [10/27/2018 12:18:03.299 PM] Assembly-CSharp.dll compilation finished in 74ms  source files re-parsed: 4 metadata reloaded: 0
 (0,0): [10/27/2018 12:18:03.310 PM] Assembly-CSharp.dll: compilation was cached, 4 file(s) were found to have changed.
 (0,0): [10/27/2018 12:18:03.694 PM] Assembly-CSharp-Editor.dll compiling...
 (0,0): [10/27/2018 12:18:03.720 PM] Assembly-CSharp-Editor.dll: emitting IL to : F:\UnityProjects\BulletHel\Temp\Assembly-CSharp-Editor.dll
 (0,0): [10/27/2018 12:18:03.749 PM] Assembly-CSharp-Editor.dll compilation finished in 54ms  source files re-parsed: 0 metadata reloaded: 1
 (0,0): [10/27/2018 12:18:03.760 PM] Assembly-CSharp-Editor.dll: compilation was cached, 0 file(s) were found to have changed.
 (0,0): [10/27/2018 12:18:11.659 PM] Assembly-CSharp.dll compiling...
 (0,0): [10/27/2018 12:18:11.687 PM] Assembly-CSharp.dll: emitting IL to : F:\UnityProjects\BulletHel\Temp\Assembly-CSharp.dll
 (0,0): [10/27/2018 12:18:11.728 PM] Assembly-CSharp.dll compilation finished in 68ms  source files re-parsed: 1 metadata reloaded: 0
 (0,0): [10/27/2018 12:18:11.739 PM] Assembly-CSharp.dll: compilation was cached, 1 file(s) were found to have changed.
 (0,0): [10/27/2018 12:18:12.336 PM] Assembly-CSharp-Editor.dll compiling...
 (0,0): [10/27/2018 12:18:12.363 PM] Assembly-CSharp-Editor.dll: emitting IL to : F:\UnityProjects\BulletHel\Temp\Assembly-CSharp-Editor.dll
 (0,0): [10/27/2018 12:18:12.389 PM] Assembly-CSharp-Editor.dll compilation finished in 53ms  source files re-parsed: 0 metadata reloaded: 1
 (0,0): [10/27/2018 12:18:12.401 PM] Assembly-CSharp-Editor.dll: compilation was cached, 0 file(s) were found to have changed.
 (0,0): [10/27/2018 12:24:31.868 PM] Assembly-CSharp.dll compiling...
 (0,0): [10/27/2018 12:24:31.897 PM] Assembly-CSharp.dll: emitting IL to : F:\UnityProjects\BulletHel\Temp\Assembly-CSharp.dll
 (0,0): [10/27/2018 12:24:31.937 PM] Assembly-CSharp.dll compilation finished in 69ms  source files re-parsed: 1 metadata reloaded: 0
 (0,0): [10/27/2018 12:24:31.949 PM] Assembly-CSharp.dll: compilation was cached, 1 file(s) were found to have changed.
 (0,0): [10/27/2018 12:24:32.400 PM] Assembly-CSharp-Editor.dll compiling...
 (0,0): [10/27/2018 12:24:32.426 PM] Assembly-CSharp-Editor.dll: emitting IL to : F:\UnityProjects\BulletHel\Temp\Assembly-CSharp-Editor.dll
 (0,0): [10/27/2018 12:24:32.452 PM] Assembly-CSharp-Editor.dll compilation finished in 52ms  source files re-parsed: 0 metadata reloaded: 1
 (0,0): [10/27/2018 12:24:32.465 PM] Assembly-CSharp-Editor.dll: compilation was cached, 0 file(s) were found to have changed.
 (0,0): [10/27/2018 12:34:42.945 PM] Assembly-CSharp.dll compiling...
 (0,0): [10/27/2018 12:34:42.973 PM] Assembly-CSharp.dll: emitting IL to : F:\UnityProjects\BulletHel\Temp\Assembly-CSharp.dll
 (0,0): [10/27/2018 12:34:43.011 PM] Assembly-CSharp.dll compilation finished in 66ms  source files re-parsed: 1 metadata reloaded: 0
 (0,0): [10/27/2018 12:34:43.023 PM] Assembly-CSharp.dll: compilation was cached, 1 file(s) were found to have changed.
 (0,0): [10/27/2018 12:34:43.415 PM] Assembly-CSharp-Editor.dll compiling...
 (0,0): [10/27/2018 12:34:43.440 PM] Assembly-CSharp-Editor.dll: emitting IL to : F:\UnityProjects\BulletHel\Temp\Assembly-CSharp-Editor.dll
 (0,0): [10/27/2018 12:34:43.466 PM] Assembly-CSharp-Editor.dll compilation finished in 51ms  source files re-parsed: 0 metadata reloaded: 1
 (0,0): [10/27/2018 12:34:43.478 PM] Assembly-CSharp-Editor.dll: compilation was cached, 0 file(s) were found to have changed.
 (0,0): [10/27/2018 12:35:34.749 PM] Assembly-CSharp.dll compiling...
 (0,0): [10/27/2018 12:35:34.781 PM] Assembly-CSharp.dll: emitting IL to : F:\UnityProjects\BulletHel\Temp\Assembly-CSharp.dll
 (0,0): [10/27/2018 12:35:34.820 PM] Assembly-CSharp.dll compilation finished in 70ms  source files re-parsed: 1 metadata reloaded: 0
 (0,0): [10/27/2018 12:35:34.831 PM] Assembly-CSharp.dll: compilation was cached, 1 file(s) were found to have changed.
 (0,0): [10/27/2018 12:35:35.208 PM] Assembly-CSharp-Editor.dll compiling...
 (0,0): [10/27/2018 12:35:35.232 PM] Assembly-CSharp-Editor.dll: emitting IL to : F:\UnityProjects\BulletHel\Temp\Assembly-CSharp-Editor.dll
 (0,0): [10/27/2018 12:35:35.259 PM] Assembly-CSharp-Editor.dll compilation finished in 50ms  source files re-parsed: 0 metadata reloaded: 1
 (0,0): [10/27/2018 12:35:35.270 PM] Assembly-CSharp-Editor.dll: compilation was cached, 0 file(s) were found to have changed.
 (0,0): [10/27/2018 12:36:07.786 PM] Assembly-CSharp.dll compiling...
 (0,0): [10/27/2018 12:36:07.820 PM] Assembly-CSharp.dll: emitting IL to : F:\UnityProjects\BulletHel\Temp\Assembly-CSharp.dll
 (0,0): [10/27/2018 12:36:07.862 PM] Assembly-CSharp.dll compilation finished in 75ms  source files re-parsed: 1 metadata reloaded: 0
 (0,0): [10/27/2018 12:36:07.873 PM] Assembly-CSharp.dll: compilation was cached, 1 file(s) were found to have changed.
 (0,0): [10/27/2018 12:36:08.270 PM] Assembly-CSharp-Editor.dll compiling...
 (0,0): [10/27/2018 12:36:08.296 PM] Assembly-CSharp-Editor.dll: emitting IL to : F:\UnityProjects\BulletHel\Temp\Assembly-CSharp-Editor.dll
 (0,0): [10/27/2018 12:36:08.327 PM] Assembly-CSharp-Editor.dll compilation finished in 57ms  source files re-parsed: 0 metadata reloaded: 1
 (0,0): [10/27/2018 12:36:08.338 PM] Assembly-CSharp-Editor.dll: compilation was cached, 0 file(s) were found to have changed.
 (0,0): watchdog triggered an exit
